{
    "report": [
        {
            "cid": 1,
            "desc": "runner_test.test_module_one.TestClassOne",
            "error": 1,
            "fail": 1,
            "result": "error",
            "success": 1,
            "tests": [
                {
                    "cid": 1,
                    "desc": "test1",
                    "executed": true,
                    "output": "Test output foe test case 1\n",
                    "result": "pass",
                    "tid": 1
                },
                {
                    "cid": 1,
                    "desc": "test2",
                    "executed": true,
                    "output": "Test output foe test case 2\nTraceback (most recent call last):\n  File H:\\Projects\\TestRunner\\runner_test\\test_module_one.py, line 17, in test2\n    self.assertEqual(expected, actual)\nAssertionError: True != False\n",
                    "result": "fail",
                    "tid": 2
                },
                {
                    "cid": 1,
                    "desc": "test3",
                    "executed": true,
                    "output": "Test output foe test case 3\nTraceback (most recent call last):\n  File H:\\Projects\\TestRunner\\runner_test\\test_module_one.py, line 22, in test3\n    raise ValueError('flowid not matches')\nValueError: flowid not matches\n",
                    "result": "error",
                    "tid": 3
                },
                {
                    "cid": 1,
                    "desc": "test4",
                    "executed": false,
                    "output": "",
                    "result": "skip",
                    "skip": true,
                    "tid": 0
                }
            ],
            "total": 3
        },
        {
            "cid": 2,
            "desc": "runner_test.test_module_two.TestClassTwo",
            "error": 0,
            "fail": 0,
            "result": "pass",
            "success": 2,
            "tests": [
                {
                    "cid": 2,
                    "desc": "test1",
                    "executed": true,
                    "output": "Test output foe test case 1\n",
                    "result": "pass",
                    "tid": 1
                },
                {
                    "cid": 2,
                    "desc": "test2",
                    "executed": true,
                    "output": "Test output foe test case 2\n",
                    "result": "pass",
                    "tid": 2
                }
            ],
            "total": 2
        }
    ],
    "reportattributes": {
        "duration": "0:00:00.002001",
        "error": 1,
        "fail": 1,
        "skip": 1,
        "start_time": "2015-01-31 19:46:27",
        "stop_time": "2015-01-31 19:46:27",
        "success": 3,
        "total": 6
    }
}
