<?xml version="1.0" ?>
<test-results date="2015-01-31" errors="1" failures="1" ignored="0" inconclusive="0" invalid="0" name="Test Project" not-run="0" skipped="1" success="3" time="0:00:00" total="6">
	<!--Root of the xml will have the information of overall result.-->
	<!--Environment section will have the information about your system , your tested application version.-->
	<environment application-version="" platform="Windows-8-6.2.9200"/>
	<test-suite asserts="0" description="" executed="True" name="runner_test.test_module_one.TestClassOne" result="Failure" success="False" time="" type="TestFixture">
		<results>
			<test-case asserts="0" executed="True" name="test1" result="Success" success="True" time="">
				<success>
					<message><![CDATA[Test output foe test case 1
]]></message>
				</success>
			</test-case>
			<test-case asserts="0" executed="True" name="test2" result="Failure" success="False" time="">
				<failure>
					<message><![CDATA[Test output foe test case 2
]]></message>
					<stack-trace><![CDATA[Traceback (most recent call last):
  File H:\Projects\TestRunner\runner_test\test_module_one.py, line 17, in test2
    self.assertEqual(expected, actual)
AssertionError: True != False
]]></stack-trace>
				</failure>
			</test-case>
			<test-case asserts="0" executed="True" name="test3" result="Error" success="False" time="">
				<failure>
					<message><![CDATA[Test output foe test case 3
]]></message>
					<stack-trace><![CDATA[Traceback (most recent call last):
  File H:\Projects\TestRunner\runner_test\test_module_one.py, line 22, in test3
    raise ValueError('flowid not matches')
ValueError: flowid not matches
]]></stack-trace>
				</failure>
			</test-case>
			<test-case asserts="0" executed="False" name="test4" result="Ignored" success="False" time=""/>
		</results>
	</test-suite>
	<test-suite asserts="0" description="" executed="True" name="runner_test.test_module_two.TestClassTwo" result="Success" success="True" time="" type="TestFixture">
		<results>
			<test-case asserts="0" executed="True" name="test1" result="Success" success="True" time="">
				<success>
					<message><![CDATA[Test output foe test case 1
]]></message>
				</success>
			</test-case>
			<test-case asserts="0" executed="True" name="test2" result="Success" success="True" time="">
				<success>
					<message><![CDATA[Test output foe test case 2
]]></message>
				</success>
			</test-case>
		</results>
	</test-suite>
</test-results>
